[2023-10-14 07:54:16,422: INFO: main: Welcome]
[2023-10-15 09:14:22,844: INFO: common: yaml file: config\config.yaml loaded successfully]
[2023-10-15 09:14:22,855: INFO: common: yaml file: params.yaml loaded successfully]
[2023-10-15 09:57:31,962: INFO: common: yaml file: config\config.yaml loaded successfully]
[2023-10-15 09:57:31,965: INFO: common: yaml file: params.yaml loaded successfully]
[2023-10-15 10:03:16,582: INFO: common: yaml file: config\config.yaml loaded successfully]
[2023-10-15 10:03:16,586: INFO: common: yaml file: params.yaml loaded successfully]
[2023-10-15 10:05:00,449: INFO: common: yaml file: config\config.yaml loaded successfully]
[2023-10-15 10:05:00,453: INFO: common: yaml file: params.yaml loaded successfully]
[2023-10-15 10:05:27,360: INFO: common: yaml file: config\config.yaml loaded successfully]
[2023-10-15 10:05:27,363: INFO: common: yaml file: params.yaml loaded successfully]
[2023-10-15 10:07:31,066: INFO: common: yaml file: config\config.yaml loaded successfully]
[2023-10-15 10:07:31,068: INFO: common: yaml file: params.yaml loaded successfully]
[2023-10-15 10:56:34,994: INFO: common: {'artifacts_root': 'artifacts', 'data_ingestion': None, 'root_dir': 'artifacts/data_ingestion', 'source_URL': 'https://drive.google.com/file/d/1vlhZ5c7abUKF8xXERIw6m9Te8fW7ohw3/view?usp=sharing', 'local_data_file': 'artifacts/data_ingestion/data.zip', 'unzip_dir': 'artifacts/data_ingestion'}]
[2023-10-15 10:56:34,996: INFO: common: yaml file: config\config.yaml loaded successfully]
[2023-10-15 10:56:35,012: INFO: common: key:value]
[2023-10-15 10:56:35,014: INFO: common: yaml file: params.yaml loaded successfully]
[2023-10-15 11:07:44,975: INFO: common: {'artifacts_root': 'artifacts', 'data_ingestion': {'root_dir': 'artifacts/data_ingestion', 'source_URL': 'https://drive.google.com/file/d/1vlhZ5c7abUKF8xXERIw6m9Te8fW7ohw3/view?usp=sharing', 'local_data_file': 'artifacts/data_ingestion/data.zip', 'unzip_dir': 'artifacts/data_ingestion'}}]
[2023-10-15 11:07:44,976: INFO: common: yaml file: config\config.yaml loaded successfully]
[2023-10-15 11:07:44,979: INFO: common: key:value]
[2023-10-15 11:07:44,982: INFO: common: yaml file: params.yaml loaded successfully]
[2023-10-15 11:09:19,149: INFO: common: {'artifacts_root': 'artifacts', 'data_ingestion': {'root_dir': 'artifacts/data_ingestion', 'source_URL': 'https://drive.google.com/file/d/1vlhZ5c7abUKF8xXERIw6m9Te8fW7ohw3/view?usp=sharing', 'local_data_file': 'artifacts/data_ingestion/data.zip', 'unzip_dir': 'artifacts/data_ingestion'}}]
[2023-10-15 11:09:19,151: INFO: common: yaml file: config\config.yaml loaded successfully]
[2023-10-15 11:09:19,154: INFO: common: key:value]
[2023-10-15 11:09:19,157: INFO: common: yaml file: params.yaml loaded successfully]
[2023-10-15 11:13:45,048: INFO: common: {'artifacts_root': 'artifacts', 'data_ingestion': {'root_dir': 'artifacts/data_ingestion', 'source_URL': 'https://drive.google.com/file/d/1vlhZ5c7abUKF8xXERIw6m9Te8fW7ohw3/view?usp=sharing', 'local_data_file': 'artifacts/data_ingestion/data.zip', 'unzip_dir': 'artifacts/data_ingestion'}}]
[2023-10-15 11:13:45,052: INFO: common: yaml file: config\config.yaml loaded successfully]
[2023-10-15 11:13:45,057: INFO: common: key:value]
[2023-10-15 11:13:45,061: INFO: common: yaml file: params.yaml loaded successfully]
[2023-10-15 11:14:08,399: INFO: common: {'artifacts_root': 'artifacts', 'data_ingestion': {'root_dir': 'artifacts/data_ingestion', 'source_URL': 'https://drive.google.com/file/d/1vlhZ5c7abUKF8xXERIw6m9Te8fW7ohw3/view?usp=sharing', 'local_data_file': 'artifacts/data_ingestion/data.zip', 'unzip_dir': 'artifacts/data_ingestion'}}]
[2023-10-15 11:14:08,401: INFO: common: yaml file: config\config.yaml loaded successfully]
[2023-10-15 11:14:08,403: INFO: common: key:value]
[2023-10-15 11:14:08,405: INFO: common: yaml file: params.yaml loaded successfully]
[2023-10-15 11:28:07,144: INFO: common: {'artifacts_root': 'artifacts', 'data_ingestion': {'root_dir': 'artifacts/data_ingestion', 'source_URL': 'https://drive.google.com/file/d/1vlhZ5c7abUKF8xXERIw6m9Te8fW7ohw3/view?usp=sharing', 'local_data_file': 'artifacts/data_ingestion/data.zip', 'unzip_dir': 'artifacts/data_ingestion'}}]
[2023-10-15 11:28:07,145: INFO: common: yaml file: config\config.yaml loaded successfully]
[2023-10-15 11:28:07,150: INFO: common: {'key': 'value'}]
[2023-10-15 11:28:07,152: INFO: common: yaml file: params.yaml loaded successfully]
[2023-10-15 11:28:07,154: INFO: common: created directory at: artifacts]
[2023-10-15 11:28:07,156: INFO: common: created directory at: artifacts/data_ingestion]
[2023-10-15 11:28:07,158: INFO: 3709187371: Downloading data from https://drive.google.com/file/d/1vlhZ5c7abUKF8xXERIw6m9Te8fW7ohw3/view?usp=sharing into file artifacts/data_ingestion/data.zip]
[2023-10-15 11:28:12,606: INFO: 3709187371: Downloaded data from https://drive.google.com/file/d/1vlhZ5c7abUKF8xXERIw6m9Te8fW7ohw3/view?usp=sharing into file artifacts/data_ingestion/data.zip]
[2023-10-15 14:50:06,752: INFO: main: >>>>>>>>>>>stageData Ingestion stage started <<<<<<<<<<<<<<<<]
[2023-10-15 14:50:06,755: INFO: common: {'artifacts_root': 'artifacts', 'data_ingestion': {'root_dir': 'artifacts/data_ingestion', 'source_URL': 'https://drive.google.com/file/d/1vlhZ5c7abUKF8xXERIw6m9Te8fW7ohw3/view?usp=sharing', 'local_data_file': 'artifacts/data_ingestion/data.zip', 'unzip_dir': 'artifacts/data_ingestion'}}]
[2023-10-15 14:50:06,755: INFO: common: yaml file: config\config.yaml loaded successfully]
[2023-10-15 14:50:06,757: INFO: common: {'key': 'value'}]
[2023-10-15 14:50:06,757: INFO: common: yaml file: params.yaml loaded successfully]
[2023-10-15 14:50:06,758: INFO: common: created directory at: artifacts]
[2023-10-15 14:50:06,758: INFO: common: created directory at: artifacts/data_ingestion]
[2023-10-15 14:50:06,759: INFO: data_ingestion: Downloading data from https://drive.google.com/file/d/1vlhZ5c7abUKF8xXERIw6m9Te8fW7ohw3/view?usp=sharing into file artifacts/data_ingestion/data.zip]
[2023-10-15 14:50:12,902: INFO: data_ingestion: Downloaded data from https://drive.google.com/file/d/1vlhZ5c7abUKF8xXERIw6m9Te8fW7ohw3/view?usp=sharing into file artifacts/data_ingestion/data.zip]
[2023-10-15 14:50:13,921: INFO: main: >>>>>> stage Data Ingestion stage completed <<<<<<<

x==================x]
